build/app/outputs/logs/manifest-merger-debug-report.txt
-- Merging decision tree log ---
manifest
ADDED from src/main/AndroidManifest.xml:1:1-39:12
INJECTED from src/main/AndroidManifest.xml:1:1-39:12
INJECTED from src/main/AndroidManifest.xml:1:1-39:12
INJECTED from src/main/AndroidManifest.xml:1:1-39:12
MERGED from src/main/AndroidManifest.xml:1:1-39:12
MERGED from [:flutter_mobile_vision] AndroidManifest.xml:2:1-7:12
MERGED from [com.android.support:design:27.1.1] AndroidManifest.xml:17:1-22:12
MERGED from [com.google.android.gms:play-services-vision:15.0.0] AndroidManifest.xml:2:1-9:12
MERGED from [com.google.android.gms:play-services-vision-common:15.0.0] AndroidManifest.xml:2:1-9:12
MERGED from [com.google.android.gms:play-services-clearcut:15.0.1] AndroidManifest.xml:17:1-24:12
MERGED from [com.google.android.gms:play-services-flags:15.0.1] AndroidManifest.xml:17:1-22:12
MERGED from [com.google.android.gms:play-services-phenotype:15.0.1] AndroidManifest.xml:17:1-24:12
MERGED from [com.google.android.gms:play-services-base:15.0.1] AndroidManifest.xml:17:1-29:12
MERGED from [com.google.android.gms:play-services-tasks:15.0.1] AndroidManifest.xml:2:1-9:12
MERGED from [com.google.android.gms:play-services-basement:15.0.1] AndroidManifest.xml:17:1-28:12
MERGED from [com.android.support:support-v4:27.1.1] AndroidManifest.xml:17:1-22:12
MERGED from [com.android.support:appcompat-v7:27.1.1] AndroidManifest.xml:17:1-22:12
MERGED from [com.android.support:recyclerview-v7:27.1.1] AndroidManifest.xml:17:1-22:12
MERGED from [com.android.support:transition:27.1.1] AndroidManifest.xml:17:1-22:12
MERGED from [com.android.support:support-media-compat:27.1.1] AndroidManifest.xml:17:1-22:12
MERGED from [com.android.support:support-fragment:27.1.1] AndroidManifest.xml:17:1-22:12
MERGED from [com.android.support:animated-vector-drawable:27.1.1] AndroidManifest.xml:17:1-22:12
MERGED from [com.android.support:support-core-ui:27.1.1] AndroidManifest.xml:17:1-22:12
MERGED from [com.android.support:support-core-utils:27.1.1] AndroidManifest.xml:17:1-22:12
MERGED from [com.android.support:support-vector-drawable:27.1.1] AndroidManifest.xml:17:1-22:12
MERGED from [com.android.support:support-compat:27.1.1] AndroidManifest.xml:17:1-22:12
MERGED from [android.arch.lifecycle:runtime:1.1.0] AndroidManifest.xml:17:1-22:12
MERGED from [android.arch.lifecycle:livedata-core:1.1.0] AndroidManifest.xml:17:1-22:12
MERGED from [android.arch.lifecycle:viewmodel:1.1.0] AndroidManifest.xml:17:1-22:12
MERGED from [android.arch.core:runtime:1.1.0] AndroidManifest.xml:17:1-22:12
INJECTED from src/debug/AndroidManifest.xml:1:1-7:12
INJECTED from src/debug/AndroidManifest.xml:1:1-7:12
INJECTED from src/debug/AndroidManifest.xml:1:1-7:12
	package
		ADDED from src/main/AndroidManifest.xml:2:5-39
		INJECTED from src/main/AndroidManifest.xml
		INJECTED from src/debug/AndroidManifest.xml
	android:versionName
		INJECTED from src/main/AndroidManifest.xml
		ADDED from src/main/AndroidManifest.xml:1:1-39:12
		INJECTED from src/debug/AndroidManifest.xml
	android:versionCode
		INJECTED from src/main/AndroidManifest.xml
		ADDED from src/main/AndroidManifest.xml:1:1-39:12
		INJECTED from src/debug/AndroidManifest.xml
	xmlns:android
		ADDED from src/main/AndroidManifest.xml:1:11-69
uses-feature#android.hardware.camera
ADDED from src/main/AndroidManifest.xml:10:5-60
	android:name
		ADDED from src/main/AndroidManifest.xml:10:19-57
uses-permission#android.permission.INTERNET
ADDED from src/main/AndroidManifest.xml:11:5-67
MERGED from src/main/AndroidManifest.xml:11:5-67
MERGED from src/main/AndroidManifest.xml:11:5-67
	android:name
		ADDED from src/main/AndroidManifest.xml:11:22-64
uses-permission#android.permission.CAMERA
ADDED from src/main/AndroidManifest.xml:13:5-65
	android:name
		ADDED from src/main/AndroidManifest.xml:13:22-62
application
ADDED from src/main/AndroidManifest.xml:14:5-38:19
MERGED from [com.google.android.gms:play-services-vision:15.0.0] AndroidManifest.xml:7:5-20
MERGED from [com.google.android.gms:play-services-vision:15.0.0] AndroidManifest.xml:7:5-20
MERGED from [com.google.android.gms:play-services-vision-common:15.0.0] AndroidManifest.xml:7:5-20
MERGED from [com.google.android.gms:play-services-vision-common:15.0.0] AndroidManifest.xml:7:5-20
MERGED from [com.google.android.gms:play-services-clearcut:15.0.1] AndroidManifest.xml:22:5-20
MERGED from [com.google.android.gms:play-services-clearcut:15.0.1] AndroidManifest.xml:22:5-20
MERGED from [com.google.android.gms:play-services-phenotype:15.0.1] AndroidManifest.xml:22:5-20
MERGED from [com.google.android.gms:play-services-phenotype:15.0.1] AndroidManifest.xml:22:5-20
MERGED from [com.google.android.gms:play-services-base:15.0.1] AndroidManifest.xml:22:5-27:19
MERGED from [com.google.android.gms:play-services-base:15.0.1] AndroidManifest.xml:22:5-27:19
MERGED from [com.google.android.gms:play-services-tasks:15.0.1] AndroidManifest.xml:7:5-20
MERGED from [com.google.android.gms:play-services-tasks:15.0.1] AndroidManifest.xml:7:5-20
MERGED from [com.google.android.gms:play-services-basement:15.0.1] AndroidManifest.xml:22:5-26:19
MERGED from [com.google.android.gms:play-services-basement:15.0.1] AndroidManifest.xml:22:5-26:19
	android:label
		ADDED from src/main/AndroidManifest.xml:16:9-36
	android:icon
		ADDED from src/main/AndroidManifest.xml:17:9-43
	android:name
		ADDED from src/main/AndroidManifest.xml:15:9-57
activity#com.jitsm555.flutter_app.MainActivity
ADDED from src/main/AndroidManifest.xml:18:9-36:20
	android:launchMode
		ADDED from src/main/AndroidManifest.xml:20:13-43
	android:hardwareAccelerated
		ADDED from src/main/AndroidManifest.xml:23:13-47
	android:windowSoftInputMode
		ADDED from src/main/AndroidManifest.xml:24:13-55
	android:configChanges
		ADDED from src/main/AndroidManifest.xml:22:13-144
	android:theme
		ADDED from src/main/AndroidManifest.xml:21:13-47
	android:name
		ADDED from src/main/AndroidManifest.xml:19:13-41
meta-data#io.flutter.app.android.SplashScreenUntilFirstFrame
ADDED from src/main/AndroidManifest.xml:29:13-31:40
	android:value
		ADDED from src/main/AndroidManifest.xml:31:17-37
	android:name
		ADDED from src/main/AndroidManifest.xml:30:17-82
intent-filter#action:name:android.intent.action.MAIN+category:name:android.intent.category.LAUNCHER
ADDED from src/main/AndroidManifest.xml:32:13-35:29
action#android.intent.action.MAIN
ADDED from src/main/AndroidManifest.xml:33:17-68
	android:name
		ADDED from src/main/AndroidManifest.xml:33:25-66
category#android.intent.category.LAUNCHER
ADDED from src/main/AndroidManifest.xml:34:17-76
	android:name
		ADDED from src/main/AndroidManifest.xml:34:27-74
activity#io.github.edufolly.fluttermobilevision.ocr.OcrCaptureActivity
ADDED from src/main/AndroidManifest.xml:37:9-98
	android:name
		ADDED from src/main/AndroidManifest.xml:37:19-95
uses-sdk
INJECTED from src/main/AndroidManifest.xml reason: use-sdk injection requested
INJECTED from src/main/AndroidManifest.xml
INJECTED from src/main/AndroidManifest.xml
MERGED from [:flutter_mobile_vision] AndroidManifest.xml:5:5-44
MERGED from [:flutter_mobile_vision] AndroidManifest.xml:5:5-44
MERGED from [com.android.support:design:27.1.1] AndroidManifest.xml:20:5-44
MERGED from [com.android.support:design:27.1.1] AndroidManifest.xml:20:5-44
MERGED from [com.google.android.gms:play-services-vision:15.0.0] AndroidManifest.xml:5:5-44
MERGED from [com.google.android.gms:play-services-vision:15.0.0] AndroidManifest.xml:5:5-44
MERGED from [com.google.android.gms:play-services-vision-common:15.0.0] AndroidManifest.xml:5:5-44
MERGED from [com.google.android.gms:play-services-vision-common:15.0.0] AndroidManifest.xml:5:5-44
MERGED from [com.google.android.gms:play-services-clearcut:15.0.1] AndroidManifest.xml:20:5-44
MERGED from [com.google.android.gms:play-services-clearcut:15.0.1] AndroidManifest.xml:20:5-44
MERGED from [com.google.android.gms:play-services-flags:15.0.1] AndroidManifest.xml:20:5-44
MERGED from [com.google.android.gms:play-services-flags:15.0.1] AndroidManifest.xml:20:5-44
MERGED from [com.google.android.gms:play-services-phenotype:15.0.1] AndroidManifest.xml:20:5-44
MERGED from [com.google.android.gms:play-services-phenotype:15.0.1] AndroidManifest.xml:20:5-44
MERGED from [com.google.android.gms:play-services-base:15.0.1] AndroidManifest.xml:20:5-44
MERGED from [com.google.android.gms:play-services-base:15.0.1] AndroidManifest.xml:20:5-44
MERGED from [com.google.android.gms:play-services-tasks:15.0.1] AndroidManifest.xml:5:5-44
MERGED from [com.google.android.gms:play-services-tasks:15.0.1] AndroidManifest.xml:5:5-44
MERGED from [com.google.android.gms:play-services-basement:15.0.1] AndroidManifest.xml:20:5-44
MERGED from [com.google.android.gms:play-services-basement:15.0.1] AndroidManifest.xml:20:5-44
MERGED from [com.android.support:support-v4:27.1.1] AndroidManifest.xml:20:5-44
MERGED from [com.android.support:support-v4:27.1.1] AndroidManifest.xml:20:5-44
MERGED from [com.android.support:appcompat-v7:27.1.1] AndroidManifest.xml:20:5-44
MERGED from [com.android.support:appcompat-v7:27.1.1] AndroidManifest.xml:20:5-44
MERGED from [com.android.support:recyclerview-v7:27.1.1] AndroidManifest.xml:20:5-44
MERGED from [com.android.support:recyclerview-v7:27.1.1] AndroidManifest.xml:20:5-44
MERGED from [com.android.support:transition:27.1.1] AndroidManifest.xml:20:5-44
MERGED from [com.android.support:transition:27.1.1] AndroidManifest.xml:20:5-44
MERGED from [com.android.support:support-media-compat:27.1.1] AndroidManifest.xml:20:5-44
MERGED from [com.android.support:support-media-compat:27.1.1] AndroidManifest.xml:20:5-44
MERGED from [com.android.support:support-fragment:27.1.1] AndroidManifest.xml:20:5-44
MERGED from [com.android.support:support-fragment:27.1.1] AndroidManifest.xml:20:5-44
MERGED from [com.android.support:animated-vector-drawable:27.1.1] AndroidManifest.xml:20:5-44
MERGED from [com.android.support:animated-vector-drawable:27.1.1] AndroidManifest.xml:20:5-44
MERGED from [com.android.support:support-core-ui:27.1.1] AndroidManifest.xml:20:5-44
MERGED from [com.android.support:support-core-ui:27.1.1] AndroidManifest.xml:20:5-44
MERGED from [com.android.support:support-core-utils:27.1.1] AndroidManifest.xml:20:5-44
MERGED from [com.android.support:support-core-utils:27.1.1] AndroidManifest.xml:20:5-44
MERGED from [com.android.support:support-vector-drawable:27.1.1] AndroidManifest.xml:20:5-44
MERGED from [com.android.support:support-vector-drawable:27.1.1] AndroidManifest.xml:20:5-44
MERGED from [com.android.support:support-compat:27.1.1] AndroidManifest.xml:20:5-44
MERGED from [com.android.support:support-compat:27.1.1] AndroidManifest.xml:20:5-44
MERGED from [android.arch.lifecycle:runtime:1.1.0] AndroidManifest.xml:20:5-44
MERGED from [android.arch.lifecycle:runtime:1.1.0] AndroidManifest.xml:20:5-44
MERGED from [android.arch.lifecycle:livedata-core:1.1.0] AndroidManifest.xml:20:5-44
MERGED from [android.arch.lifecycle:livedata-core:1.1.0] AndroidManifest.xml:20:5-44
MERGED from [android.arch.lifecycle:viewmodel:1.1.0] AndroidManifest.xml:20:5-44
MERGED from [android.arch.lifecycle:viewmodel:1.1.0] AndroidManifest.xml:20:5-44
MERGED from [android.arch.core:runtime:1.1.0] AndroidManifest.xml:20:5-44
MERGED from [android.arch.core:runtime:1.1.0] AndroidManifest.xml:20:5-44
INJECTED from src/debug/AndroidManifest.xml
INJECTED from src/debug/AndroidManifest.xml
	android:targetSdkVersion
		INJECTED from src/main/AndroidManifest.xml
		INJECTED from src/debug/AndroidManifest.xml
	android:minSdkVersion
		INJECTED from src/main/AndroidManifest.xml
		INJECTED from src/debug/AndroidManifest.xml
activity#com.google.android.gms.common.api.GoogleApiActivity
ADDED from [com.google.android.gms:play-services-base:15.0.1] AndroidManifest.xml:23:9-26:75
	android:exported
		ADDED from [com.google.android.gms:play-services-base:15.0.1] AndroidManifest.xml:25:13-37
	android:theme
		ADDED from [com.google.android.gms:play-services-base:15.0.1] AndroidManifest.xml:26:13-72
	android:name
		ADDED from [com.google.android.gms:play-services-base:15.0.1] AndroidManifest.xml:24:13-79
meta-data#com.google.android.gms.version
ADDED from [com.google.android.gms:play-services-basement:15.0.1] AndroidManifest.xml:23:9-25:69
	android:value
		ADDED from [com.google.android.gms:play-services-basement:15.0.1] AndroidManifest.xml:25:13-66
	android:name
		ADDED from [com.google.android.gms:play-services-basement:15.0.1] AndroidManifest.xml:24:13-58